<?xml version="1.0" encoding="UTF-8"?>
<testng-results ignored="0" total="1" passed="1" failed="0" skipped="0">
  <reporter-output>
  </reporter-output>
  <suite started-at="2025-04-03T11:58:05 CDT" name="Default suite" finished-at="2025-04-03T11:58:05 CDT" duration-ms="127">
    <groups>
    </groups>
    <test started-at="2025-04-03T11:58:05 CDT" name="Default test" finished-at="2025-04-03T11:58:05 CDT" duration-ms="127">
      <class name="com.testNG.demo.TC1">
        <test-method signature="testcase1()[pri:0, instance:com.testNG.demo.TC1@647fd8ce]" started-at="2025-04-03T11:58:05 CDT" name="testcase1" finished-at="2025-04-03T11:58:05 CDT" duration-ms="22" status="PASS">
          <reporter-output>
          </reporter-output>
        </test-method> <!-- testcase1 -->
      </class> <!-- com.testNG.demo.TC1 -->
    </test> <!-- Default test -->
  </suite> <!-- Default suite -->
</testng-results>
